<?xml version="1.0" encoding="UTF-8"?>
<beans xmlns="http://www.springframework.org/schema/beans"
	xmlns:xsi="http://www.w3.org/2001/XMLSchema-instance" xmlns:util="http://www.springframework.org/schema/util"
	xsi:schemaLocation="http://www.springframework.org/schema/beans http://www.springframework.org/schema/beans/spring-beans-2.0.xsd
       http://www.springframework.org/schema/util http://www.springframework.org/schema/util/spring-util-2.0.xsd">

	<bean id="dataSourceHSQLDB"
		class="org.springframework.jdbc.datasource.DriverManagerDataSource"
		lazy-init="true">
		<property name="driverClassName" value="org.hsqldb.jdbcDriver" />
        <property name="url" value="jdbc:hsqldb:mem:shock" /> 
		<property name="username" value="sa" />
		<property name="password" value="" />
	</bean>
	<!-- Hibernate  SessionFactory -->
	<bean id="sessionFactory"
		class="org.springframework.orm.hibernate3.LocalSessionFactoryBean">
		<property name="dataSource">
			<ref local="dataSourceHSQLDB" />
		</property>
		<property name="mappingResources">
			<list>
				<value>mappings/Attribute.hbm.xml</value>
				<value>mappings/ShockFormula.hbm.xml</value>
				<value>mappings/ShockRule.hbm.xml</value>
				<value>mappings/ShockGroup.hbm.xml</value>
				<value>mappings/Matchers.hbm.xml</value>
			</list>
		</property>
		<property name="hibernateProperties">
			<props>
				<prop key="hibernate.dialect">org.hibernate.dialect.HSQLDialect</prop>
				<prop key="hibernate.hbm2ddl.auto">update</prop>
				<prop key="hibernate.show_sql">true</prop>
			</props>
		</property>
		<property name="namingStrategy">
			<util:constant
				static-field="org.hibernate.cfg.ImprovedNamingStrategy" />
		</property>
	</bean>

</beans>